[19-Sep-2018 04:17:29 UTC] PHP Notice:  Undefined variable: i in /opt/lampp/htdocs/blog/wp-content/plugins/header-footer-code-manager/includes/hfcm-add-edit.php on line 202
[19-Sep-2018 04:17:29 UTC] PHP Notice:  Undefined variable: i in /opt/lampp/htdocs/blog/wp-content/plugins/header-footer-code-manager/includes/hfcm-add-edit.php on line 202
[19-Sep-2018 04:32:32 UTC] PHP Notice:  Trying to get property of non-object in /opt/lampp/htdocs/blog/wp-content/themes/titi/single.php on line 47
[19-Sep-2018 04:32:32 UTC] PHP Notice:  Trying to get property of non-object in /opt/lampp/htdocs/blog/wp-content/themes/titi/single.php on line 50
[19-Sep-2018 04:32:32 UTC] PHP Notice:  Trying to get property of non-object in /opt/lampp/htdocs/blog/wp-content/themes/titi/single.php on line 47
[19-Sep-2018 04:32:32 UTC] PHP Notice:  Trying to get property of non-object in /opt/lampp/htdocs/blog/wp-content/themes/titi/single.php on line 50
[19-Sep-2018 04:32:32 UTC] PHP Notice:  Trying to get property of non-object in /opt/lampp/htdocs/blog/wp-content/themes/titi/single.php on line 47
[19-Sep-2018 04:32:32 UTC] PHP Notice:  Trying to get property of non-object in /opt/lampp/htdocs/blog/wp-content/themes/titi/single.php on line 50
[19-Sep-2018 06:31:44 UTC] PHP Parse error:  syntax error, unexpected 'public' (T_PUBLIC), expecting end of file in /opt/lampp/htdocs/blog/wp-content/themes/titi/functions.php on line 386
[19-Sep-2018 06:31:46 UTC] PHP Parse error:  syntax error, unexpected 'public' (T_PUBLIC), expecting end of file in /opt/lampp/htdocs/blog/wp-content/themes/titi/functions.php on line 386
[19-Sep-2018 06:32:46 UTC] PHP Parse error:  syntax error, unexpected 'public' (T_PUBLIC), expecting end of file in /opt/lampp/htdocs/blog/wp-content/themes/titi/functions.php on line 386
[19-Sep-2018 06:34:46 UTC] PHP Parse error:  syntax error, unexpected 'public' (T_PUBLIC), expecting end of file in /opt/lampp/htdocs/blog/wp-content/themes/titi/functions.php on line 386
[19-Sep-2018 06:36:46 UTC] PHP Parse error:  syntax error, unexpected 'public' (T_PUBLIC), expecting end of file in /opt/lampp/htdocs/blog/wp-content/themes/titi/functions.php on line 386
[19-Sep-2018 06:38:46 UTC] PHP Parse error:  syntax error, unexpected 'public' (T_PUBLIC), expecting end of file in /opt/lampp/htdocs/blog/wp-content/themes/titi/functions.php on line 386
[19-Sep-2018 06:40:46 UTC] PHP Parse error:  syntax error, unexpected 'public' (T_PUBLIC), expecting end of file in /opt/lampp/htdocs/blog/wp-content/themes/titi/functions.php on line 386
[19-Sep-2018 07:02:09 UTC] PHP Parse error:  syntax error, unexpected 'public' (T_PUBLIC), expecting end of file in /opt/lampp/htdocs/blog/wp-content/themes/titi/functions.php on line 386
[19-Sep-2018 07:02:33 UTC] PHP Parse error:  syntax error, unexpected 'public' (T_PUBLIC), expecting end of file in /opt/lampp/htdocs/blog/wp-content/themes/titi/functions.php on line 386
[19-Sep-2018 07:03:10 UTC] PHP Parse error:  syntax error, unexpected 'public' (T_PUBLIC), expecting end of file in /opt/lampp/htdocs/blog/wp-content/themes/titi/functions.php on line 386
[19-Sep-2018 07:03:15 UTC] PHP Parse error:  syntax error, unexpected 'public' (T_PUBLIC), expecting end of file in /opt/lampp/htdocs/blog/wp-content/themes/titi/functions.php on line 386
[19-Sep-2018 07:03:17 UTC] PHP Parse error:  syntax error, unexpected 'public' (T_PUBLIC), expecting end of file in /opt/lampp/htdocs/blog/wp-content/themes/titi/functions.php on line 386
[19-Sep-2018 07:03:18 UTC] PHP Parse error:  syntax error, unexpected 'public' (T_PUBLIC), expecting end of file in /opt/lampp/htdocs/blog/wp-content/themes/titi/functions.php on line 386
[19-Sep-2018 07:04:05 UTC] PHP Parse error:  syntax error, unexpected 'public' (T_PUBLIC), expecting end of file in /opt/lampp/htdocs/blog/wp-content/themes/titi/functions.php on line 386
[19-Sep-2018 07:04:14 UTC] PHP Parse error:  syntax error, unexpected 'public' (T_PUBLIC), expecting end of file in /opt/lampp/htdocs/blog/wp-content/themes/titi/functions.php on line 386
[19-Sep-2018 07:04:36 UTC] PHP Parse error:  syntax error, unexpected 'public' (T_PUBLIC), expecting end of file in /opt/lampp/htdocs/blog/wp-content/themes/titi/functions.php on line 386
[19-Sep-2018 07:04:47 UTC] PHP Parse error:  syntax error, unexpected 'public' (T_PUBLIC), expecting end of file in /opt/lampp/htdocs/blog/wp-content/themes/titi/functions.php on line 386
[19-Sep-2018 07:51:59 UTC] PHP Notice:  Undefined variable: post in /opt/lampp/htdocs/blog/wp-content/themes/titi/functions.php on line 333
[19-Sep-2018 07:51:59 UTC] PHP Notice:  Trying to get property of non-object in /opt/lampp/htdocs/blog/wp-content/themes/titi/functions.php on line 333
[19-Sep-2018 08:35:11 UTC] PHP Notice:  Undefined variable: post in /opt/lampp/htdocs/blog/wp-content/themes/titi/functions.php on line 333
[19-Sep-2018 08:35:11 UTC] PHP Notice:  Trying to get property of non-object in /opt/lampp/htdocs/blog/wp-content/themes/titi/functions.php on line 333
[19-Sep-2018 08:35:51 UTC] PHP Notice:  Undefined variable: post in /opt/lampp/htdocs/blog/wp-content/themes/titi/functions.php on line 333
[19-Sep-2018 08:35:51 UTC] PHP Notice:  Trying to get property of non-object in /opt/lampp/htdocs/blog/wp-content/themes/titi/functions.php on line 333
